


ARM Macro Assembler    Page 1 


    1 00000000         ; LCD.s
    2 00000000         ; Student names: change this to your names or look very 
                       silly
    3 00000000         ; Last modification date: change this to the last modifi
                       cation date or look very silly
    4 00000000         
    5 00000000         ; Runs on LM4F120/TM4C123
    6 00000000         ; Use SSI0 to send an 8-bit code to the ST7735 160x128 p
                       ixel LCD.
    7 00000000         
    8 00000000         ; As part of Lab 7, students need to implement these LCD
                       _WriteCommand and LCD_WriteData
    9 00000000         ; This driver assumes two low-level LCD functions
   10 00000000         
   11 00000000         ; Backlight (pin 10) connected to +3.3 V
   12 00000000         ; MISO (pin 9) unconnected
   13 00000000         ; SCK (pin 8) connected to PA2 (SSI0Clk)
   14 00000000         ; MOSI (pin 7) connected to PA5 (SSI0Tx)
   15 00000000         ; TFT_CS (pin 6) connected to PA3 (SSI0Fss)
   16 00000000         ; CARD_CS (pin 5) unconnected
   17 00000000         ; Data/Command (pin 4) connected to PA6 (GPIO)
   18 00000000         ; RESET (pin 3) connected to PA7 (GPIO)
   19 00000000         ; VCC (pin 2) connected to +3.3 V
   20 00000000         ; Gnd (pin 1) connected to ground
   21 00000000         
   22 00000000         
   23 00000000 40004100 
                       DC      EQU              0x40004100
   24 00000000 00000000 
                       DC_COMMAND
                               EQU              0
   25 00000000 00000040 
                       DC_DATA EQU              0x40
   26 00000000 40008008 
                       SSI0_DR_R
                               EQU              0x40008008
   27 00000000 4000800C 
                       SSI0_SR_R
                               EQU              0x4000800C
   28 00000000 00000004 
                       SSI_SR_RNE
                               EQU              0x00000004  ; SSI Receive FIFO 
                                                            Not Empty
   29 00000000 00000010 
                       SSI_SR_BSY
                               EQU              0x00000010  ; SSI Busy Bit
   30 00000000 00000002 
                       SSI_SR_TNF
                               EQU              0x00000002  ; SSI Transmit FIFO
                                                             Not Full
   31 00000000         
   32 00000000                 EXPORT           writecommand
   33 00000000                 EXPORT           writedata
   34 00000000         
   35 00000000                 AREA             |.text|, CODE, READONLY, ALIGN=
2
   36 00000000                 THUMB
   37 00000000                 ALIGN
   38 00000000         



ARM Macro Assembler    Page 2 


   39 00000000         ; The Data/Command pin must be valid when the eighth bit
                        is
   40 00000000         ; sent.  The SSI module has hardware input and output FI
                       FOs
   41 00000000         ; that are 8 locations deep.  Based on the observation t
                       hat
   42 00000000         ; the LCD interface tends to send a few commands and the
                       n a
   43 00000000         ; lot of data, the FIFOs are not used when writing
   44 00000000         ; commands, and they are used when writing data.  This
   45 00000000         ; ensures that the Data/Command pin status matches the b
                       yte
   46 00000000         ; that is actually being transmitted.
   47 00000000         ; The write command operation waits until all data has b
                       een
   48 00000000         ; sent, configures the Data/Command pin for commands, se
                       nds
   49 00000000         ; the command, and then waits for the transmission to
   50 00000000         ; finish.
   51 00000000         ; The write data operation waits until there is room in 
                       the
   52 00000000         ; transmit FIFO, configures the Data/Command pin for dat
                       a,
   53 00000000         ; and then adds the data to the transmit FIFO.
   54 00000000         ; NOTE: These functions will crash or stall indefinitely
                        if
   55 00000000         ; the SSI0 module is not initialized and enabled.
   56 00000000         
   57 00000000         ; This is a helper function that sends an 8-bit command 
                       to the LCD.
   58 00000000         ; Input: R0  8-bit command to transmit
   59 00000000         ; Output: none
   60 00000000         ; Assumes: SSI0 and port A have already been initialized
                        and enabled
   61 00000000         writecommand
   62 00000000         ;;--UUU-- Complete this (copy from Lab7-8)
   63 00000000         ;; Code to write a command to the LCD
   64 00000000         ;1) Read SSI0_SR_R and check bit 4, 
   65 00000000         ;2) If bit 4 is high, loop back to step 1 (wait for BUSY
                        bit to be low)
   66 00000000         ;3) Clear D/C=PA6 to zero
   67 00000000         ;4) Write the command to SSI0_DR_R
   68 00000000         ;5) Read SSI0_SR_R and check bit 4, 
   69 00000000         ;6) If bit 4 is high, loop back to step 5 (wait for BUSY
                        bit to be low)
   70 00000000 4A0F            LDR              R2, =SSI0_SR_R
   71 00000002 6811            LDR              R1, [R2]
   72 00000004 F011 0110       ANDS             R1, #0x10
   73 00000008 D1FE            BNE              writecommand
   74 0000000A 4A0E            LDR              R2, =DC
   75 0000000C 6811            LDR              R1, [R2]
   76 0000000E F021 0140       BIC              R1, #0x40
   77 00000012 6011            STR              R1, [R2]
   78 00000014 4A0C            LDR              R2, =SSI0_DR_R
   79 00000016 6010            STR              R0, [R2]
   80 00000018         wait0
   81 00000018 4A09            LDR              R2, =SSI0_SR_R
   82 0000001A 6811            LDR              R1, [R2]
   83 0000001C F011 0110       ANDS             R1, #0x10



ARM Macro Assembler    Page 3 


   84 00000020 D1FA            BNE              wait0
   85 00000022 4770            BX               LR          ;   return
   86 00000024         
   87 00000024         ; This is a helper function that sends an 8-bit data to 
                       the LCD.
   88 00000024         ; Input: R0  8-bit data to transmit
   89 00000024         ; Output: none
   90 00000024         ; Assumes: SSI0 and port A have already been initialized
                        and enabled
   91 00000024         writedata
   92 00000024         ;;--UUU-- Complete this (copy from Lab7-8)
   93 00000024         ;; Code to write data to the LCD
   94 00000024         ;1) Read SSI0_SR_R and check bit 1, 
   95 00000024         ;2) If bit 1 is low loop back to step 1 (wait for TNF bi
                       t to be high)
   96 00000024         ;3) Set D/C=PA6 to one
   97 00000024         ;4) Write the 8-bit data to SSI0_DR_R
   98 00000024 4A06            LDR              R2, =SSI0_SR_R
   99 00000026 6811            LDR              R1, [R2]
  100 00000028 F011 0102       ANDS             R1, #0x02
  101 0000002C D0FE            BEQ              writedata
  102 0000002E 4A05            LDR              R2, =DC
  103 00000030 6811            LDR              R1, [R2]
  104 00000032 F041 0140       ORR              R1, #0x40
  105 00000036 6011            STR              R1, [R2]
  106 00000038 4A03            LDR              R2, =SSI0_DR_R
  107 0000003A 6010            STR              R0, [R2]
  108 0000003C 4770            BX               LR          ;   return
  109 0000003E         
  110 0000003E         
  111 0000003E         ;***************************************************
  112 0000003E         ; This is a library for the Adafruit 1.8" SPI display.
  113 0000003E         ; This library works with the Adafruit 1.8" TFT Breakout
                        w/SD card
  114 0000003E         ; ----> http://www.adafruit.com/products/358
  115 0000003E         ; as well as Adafruit raw 1.8" TFT display
  116 0000003E         ; ----> http://www.adafruit.com/products/618
  117 0000003E         ;
  118 0000003E         ; Check out the links above for our tutorials and wiring
                        diagrams
  119 0000003E         ; These displays use SPI to communicate, 4 or 5 pins are
                        required to
  120 0000003E         ; interface (RST is optional)
  121 0000003E         ; Adafruit invests time and resources providing this ope
                       n source code,
  122 0000003E         ; please support Adafruit and open-source hardware by pu
                       rchasing
  123 0000003E         ; products from Adafruit!
  124 0000003E         ;
  125 0000003E         ; Written by Limor Fried/Ladyada for Adafruit Industries
                       .
  126 0000003E         ; MIT license, all text above must be included in any re
                       distribution
  127 0000003E         ;****************************************************
  128 0000003E         
  129 0000003E 00 00           ALIGN                        ; make sure the end
                                                             of this section is
                                                             aligned
  130 00000040                 END                          ; end of file



ARM Macro Assembler    Page 4 


              4000800C 
              40004100 
              40008008 
Command Line: --debug --xref --cpu=Cortex-M4 --apcs=interwork --depend=.\lcd.d 
-o.\lcd.o -ID:\wei\Documents\ee319k\keil\ARM\RV31\INC -ID:\wei\Documents\ee319k
\keil\ARM\CMSIS\Include -ID:\wei\Documents\ee319k\keil\ARM\Inc\Luminary --prede
fine="__EVAL SETA 1" --list=.\lcd.lst LCD.s



ARM Macro Assembler    Page 1 Alphabetic symbol ordering
Relocatable symbols

.text 00000000

Symbol: .text
   Definitions
      At line 35 in file LCD.s
   Uses
      None
Comment: .text unused
wait0 00000018

Symbol: wait0
   Definitions
      At line 80 in file LCD.s
   Uses
      At line 84 in file LCD.s
Comment: wait0 used once
writecommand 00000000

Symbol: writecommand
   Definitions
      At line 61 in file LCD.s
   Uses
      At line 32 in file LCD.s
      At line 73 in file LCD.s

writedata 00000024

Symbol: writedata
   Definitions
      At line 91 in file LCD.s
   Uses
      At line 33 in file LCD.s
      At line 101 in file LCD.s

4 symbols



ARM Macro Assembler    Page 1 Alphabetic symbol ordering
Absolute symbols

DC 40004100

Symbol: DC
   Definitions
      At line 23 in file LCD.s
   Uses
      At line 74 in file LCD.s
      At line 102 in file LCD.s

DC_COMMAND 00000000

Symbol: DC_COMMAND
   Definitions
      At line 24 in file LCD.s
   Uses
      None
Comment: DC_COMMAND unused
DC_DATA 00000040

Symbol: DC_DATA
   Definitions
      At line 25 in file LCD.s
   Uses
      None
Comment: DC_DATA unused
SSI0_DR_R 40008008

Symbol: SSI0_DR_R
   Definitions
      At line 26 in file LCD.s
   Uses
      At line 78 in file LCD.s
      At line 106 in file LCD.s

SSI0_SR_R 4000800C

Symbol: SSI0_SR_R
   Definitions
      At line 27 in file LCD.s
   Uses
      At line 70 in file LCD.s
      At line 81 in file LCD.s
      At line 98 in file LCD.s

SSI_SR_BSY 00000010

Symbol: SSI_SR_BSY
   Definitions
      At line 29 in file LCD.s
   Uses
      None
Comment: SSI_SR_BSY unused
SSI_SR_RNE 00000004

Symbol: SSI_SR_RNE
   Definitions
      At line 28 in file LCD.s
   Uses
      None



ARM Macro Assembler    Page 2 Alphabetic symbol ordering
Absolute symbols

Comment: SSI_SR_RNE unused
SSI_SR_TNF 00000002

Symbol: SSI_SR_TNF
   Definitions
      At line 30 in file LCD.s
   Uses
      None
Comment: SSI_SR_TNF unused
8 symbols
345 symbols in table
